<?xml version="1.0" encoding="UTF-8"?>
<!-- Generated by org.testng.reporters.JUnitReportReporter -->
<testsuite hostname="DESKTOP-F6CAB6A" failures="0" tests="4" name="TestNGPayC.Invoice" time="10.642" errors="0" timestamp="2024-09-19T15:42:56 IST" skipped="0">
  <testcase classname="TestNGPayC.Invoice" name="open_app" time="2.879"/>
  <testcase classname="TestNGPayC.Invoice" name="Login" time="1.128"/>
  <testcase classname="TestNGPayC.Invoice" name="Invoice_Note" time="3.658"/>
  <testcase classname="TestNGPayC.Invoice" name="Invoice_Edit_Note" time="2.977"/>
</testsuite> <!-- TestNGPayC.Invoice -->
