<?xml version="1.0" encoding="UTF-8"?>
<!-- Generated by org.testng.reporters.JUnitReportReporter -->
<testsuite hostname="DESKTOP-F6CAB6A" failures="0" tests="3" name="TestNGPayC.Quotes_Module" time="47.919" errors="0" timestamp="2024-09-19T12:10:48 IST" skipped="0">
  <testcase classname="TestNGPayC.Quotes_Module" name="Open_application" time="2.644"/>
  <testcase classname="TestNGPayC.Quotes_Module" name="Login" time="0.768"/>
  <testcase classname="TestNGPayC.Quotes_Module" name="Create_Quote" time="44.507"/>
</testsuite> <!-- TestNGPayC.Quotes_Module -->
