<?xml version="1.0" encoding="UTF-8"?>
<!-- Generated by org.testng.reporters.JUnitReportReporter -->
<testsuite hostname="DESKTOP-F6CAB6A" failures="0" tests="3" name="TestNGPayC.Experiments" time="23.889" errors="0" timestamp="2024-09-21T17:09:02 IST" skipped="0">
  <testcase classname="TestNGPayC.Experiments" name="Open_application" time="9.527"/>
  <testcase classname="TestNGPayC.Experiments" name="Login" time="1.831"/>
  <testcase classname="TestNGPayC.Experiments" name="Create_Quote" time="12.531"/>
</testsuite> <!-- TestNGPayC.Experiments -->
