<?xml version="1.0" encoding="UTF-8"?>
<!-- Generated by org.testng.reporters.JUnitReportReporter -->
<testsuite hostname="DESKTOP-F6CAB6A" failures="0" tests="5" name="TestNGPayC.Vendors" time="108.446" errors="0" timestamp="2024-09-25T11:34:53 IST" skipped="0">
  <testcase classname="TestNGPayC.Vendors" name="open_app" time="2.420"/>
  <testcase classname="TestNGPayC.Vendors" name="Login" time="0.779"/>
  <testcase classname="TestNGPayC.Vendors" name="Vendor_New_Purchase_Order_Related_List" time="49.426"/>
  <testcase classname="TestNGPayC.Vendors" name="VendorNewContactRelatedList" time="41.712"/>
  <testcase classname="TestNGPayC.Vendors" name="VendorDelete" time="14.109"/>
</testsuite> <!-- TestNGPayC.Vendors -->
