<?xml version="1.0" encoding="UTF-8"?>
<!-- Generated by org.testng.reporters.JUnitReportReporter -->
<testsuite hostname="DESKTOP-F6CAB6A" failures="0" tests="1" name="LoginTest" time="0.009" errors="0" timestamp="2023-08-22T16:43:18 IST" skipped="0">
  <testcase classname="LoginTest" name="testPayC" time="0.009"/>
</testsuite> <!-- LoginTest -->
