<?xml version="1.0" encoding="UTF-8"?>
<!-- Generated by org.testng.reporters.JUnitReportReporter -->
<testsuite hostname="DESKTOP-F6CAB6A" failures="0" tests="17" name="TestNGPayC.NewLogic" time="173.986" errors="0" timestamp="2024-02-02T15:18:13 IST" skipped="0">
  <testcase classname="TestNGPayC.NewLogic" name="Login" time="15.523"/>
  <testcase classname="TestNGPayC.NewLogic" name="Deposit_ACH" time="41.107"/>
  <testcase classname="TestNGPayC.NewLogic" name="Deposit_Wire" time="25.759"/>
  <testcase classname="TestNGPayC.NewLogic" name="Recent_Deposit" time="34.424"/>
  <testcase classname="TestNGPayC.NewLogic" name="Fiat_PayCrcle_To_PayCircle_Transfer" time="38.787"/>
  <testcase classname="TestNGPayC.NewLogic" name="Recent_Transfer" time="4.207"/>
  <testcase classname="TestNGPayC.NewLogic" name="Splitpayment" time="4.196"/>
  <testcase classname="TestNGPayC.NewLogic" name="splitpayment_remainder_markaspaid" time="1.125"/>
  <testcase classname="TestNGPayC.NewLogic" name="Transfer_Others" time="1.104"/>
  <testcase classname="TestNGPayC.NewLogic" name="Transfer_OneTime" time="1.101"/>
  <testcase classname="TestNGPayC.NewLogic" name="Transfer_Recurring" time="1.117"/>
  <testcase classname="TestNGPayC.NewLogic" name="Selftransfer" time="1.131"/>
  <testcase classname="TestNGPayC.NewLogic" name="Recent_selftransfer" time="1.068"/>
  <testcase classname="TestNGPayC.NewLogic" name="Trade_Buy" time="1.162"/>
  <testcase classname="TestNGPayC.NewLogic" name="Trade_Sell" time="1.086"/>
  <testcase classname="TestNGPayC.NewLogic" name="Manage_Beneficiary" time="1.072"/>
  <testcase classname="TestNGPayC.NewLogic" name="Add_Wallet" time="0.017"/>
</testsuite> <!-- TestNGPayC.NewLogic -->
