<?xml version="1.0" encoding="UTF-8"?>
<!-- Generated by org.testng.reporters.JUnitReportReporter -->
<testsuite hostname="DESKTOP-F6CAB6A" failures="0" tests="3" name="TestNGPayC.Quotes_Module" time="17.774" errors="0" timestamp="2024-09-16T12:18:48 IST" skipped="0">
  <testcase classname="TestNGPayC.Quotes_Module" name="Open_application" time="2.812"/>
  <testcase classname="TestNGPayC.Quotes_Module" name="Login" time="0.580"/>
  <testcase classname="TestNGPayC.Quotes_Module" name="Quote_Share" time="14.382"/>
</testsuite> <!-- TestNGPayC.Quotes_Module -->
