<?xml version="1.0" encoding="UTF-8"?>
<!-- Generated by org.testng.reporters.JUnitReportReporter -->
<testsuite hostname="DESKTOP-F6CAB6A" failures="0" tests="2" name="TestNGPayC.NewExperimentBusiness" time="49.691" errors="0" timestamp="2024-02-23T11:37:45 IST" skipped="0">
  <testcase classname="TestNGPayC.NewExperimentBusiness" name="Login" time="16.594"/>
  <testcase classname="TestNGPayC.NewExperimentBusiness" name="Transer" time="33.097"/>
</testsuite> <!-- TestNGPayC.NewExperimentBusiness -->
