<?xml version="1.0" encoding="UTF-8"?>
<!-- Generated by org.testng.reporters.JUnitReportReporter -->
<testsuite hostname="DESKTOP-F6CAB6A" failures="0" tests="3" name="TestNGPayC.Leads" time="9.633" errors="0" timestamp="2024-09-26T09:01:35 IST" skipped="0">
  <testcase classname="TestNGPayC.Leads" name="open_app" time="3.332"/>
  <testcase classname="TestNGPayC.Leads" name="Login" time="0.850"/>
  <testcase classname="TestNGPayC.Leads" name="LeadsNewTaskOpenActivities" time="5.451"/>
</testsuite> <!-- TestNGPayC.Leads -->
