<?xml version="1.0" encoding="UTF-8"?>
<!-- Generated by org.testng.reporters.JUnitReportReporter -->
<testsuite hostname="DESKTOP-F6CAB6A" failures="0" tests="5" name="TestNGPayC.Leads" time="35.130" errors="0" timestamp="2024-09-16T15:23:35 IST" skipped="0">
  <testcase classname="TestNGPayC.Leads" name="open_app" time="2.386"/>
  <testcase classname="TestNGPayC.Leads" name="Login" time="0.562"/>
  <testcase classname="TestNGPayC.Leads" name="Leads_Mass_Delete" time="1.733"/>
  <testcase classname="TestNGPayC.Leads" name="Leads_Mass_Transfer" time="6.091"/>
  <testcase classname="TestNGPayC.Leads" name="Leads_Individual_Edit" time="24.358"/>
</testsuite> <!-- TestNGPayC.Leads -->
