<?xml version="1.0" encoding="UTF-8"?>
<!-- Generated by org.testng.reporters.JUnitReportReporter -->
<testsuite hostname="DESKTOP-F6CAB6A" failures="0" tests="3" name="TestNGPayC.Quotes_Module" time="20.809" errors="0" timestamp="2024-09-30T15:48:51 IST" skipped="0">
  <testcase classname="TestNGPayC.Quotes_Module" name="Open_application" time="2.579"/>
  <testcase classname="TestNGPayC.Quotes_Module" name="Login" time="0.520"/>
  <testcase classname="TestNGPayC.Quotes_Module" name="QuoteAddQuotes" time="17.710"/>
</testsuite> <!-- TestNGPayC.Quotes_Module -->
