<?xml version="1.0" encoding="UTF-8"?>
<!-- Generated by org.testng.reporters.JUnitReportReporter -->
<testsuite hostname="DESKTOP-F6CAB6A" failures="0" tests="5" name="TestNGPayC.Leads" time="30.543" errors="0" timestamp="2024-09-30T15:30:39 IST" skipped="0">
  <testcase classname="TestNGPayC.Leads" name="open_app" time="2.843"/>
  <testcase classname="TestNGPayC.Leads" name="Login" time="0.594"/>
  <testcase classname="TestNGPayC.Leads" name="LeadsNewTaskClosedActivities" time="9.668"/>
  <testcase classname="TestNGPayC.Leads" name="LeadsConvert" time="2.726"/>
  <testcase classname="TestNGPayC.Leads" name="LeadsConvertWithDeals" time="14.712"/>
</testsuite> <!-- TestNGPayC.Leads -->
