<?xml version="1.0" encoding="UTF-8"?>
<!-- Generated by org.testng.reporters.JUnitReportReporter -->
<testsuite hostname="DESKTOP-F6CAB6A" failures="0" tests="3" name="TestNGPayC.Invoice" time="18.629" errors="0" timestamp="2024-09-30T16:02:01 IST" skipped="0">
  <testcase classname="TestNGPayC.Invoice" name="open_app" time="3.028"/>
  <testcase classname="TestNGPayC.Invoice" name="Login" time="0.460"/>
  <testcase classname="TestNGPayC.Invoice" name="Invoice_Edit_With_Without_Mandatory_fields" time="15.141"/>
</testsuite> <!-- TestNGPayC.Invoice -->
