<?xml version="1.0" encoding="UTF-8"?>
<!-- Generated by org.testng.reporters.JUnitReportReporter -->
<testsuite hostname="DESKTOP-F6CAB6A" failures="0" tests="3" name="TestNGPayC.Leads" time="8.570" errors="0" timestamp="2024-09-27T09:52:53 IST" skipped="0">
  <testcase classname="TestNGPayC.Leads" name="open_app" time="3.032"/>
  <testcase classname="TestNGPayC.Leads" name="Login" time="0.705"/>
  <testcase classname="TestNGPayC.Leads" name="LeadsNewTaskOpenActivities" time="4.833"/>
</testsuite> <!-- TestNGPayC.Leads -->
